Arguments: 
  C:\Program Files\nodejs\node.exe C:\Users\eduardo\AppData\Roaming\npm\node_modules\yarn\bin\yarn.js add react-modal

PATH: 
  C:\Users\eduardo\Documents\Cmder\vendor\conemu-maximus5\ConEmu\Scripts;C:\Users\eduardo\Documents\Cmder\vendor\conemu-maximus5;C:\Users\eduardo\Documents\Cmder\vendor\conemu-maximus5\ConEmu;C:\Program Files (x86)\Intel\iCLS Client\;C:\Program Files\Intel\iCLS Client\;C:\Windows\system32;C:\Windows;C:\Windows\System32\Wbem;C:\Windows\System32\WindowsPowerShell\v1.0\;C:\Program Files\Intel\Intel(R) Management Engine Components\DAL;C:\Program Files\Intel\Intel(R) Management Engine Components\IPT;C:\Program Files (x86)\Intel\Intel(R) Management Engine Components\DAL;C:\Program Files (x86)\Intel\Intel(R) Management Engine Components\IPT;C:\Program Files (x86)\NVIDIA Corporation\PhysX\Common;C:\WINDOWS\system32;C:\WINDOWS;C:\WINDOWS\System32\Wbem;C:\WINDOWS\System32\WindowsPowerShell\v1.0\;C:\WINDOWS\System32\OpenSSH\;C:\Program Files\nodejs\;C:\Program Files\NVIDIA Corporation\NVIDIA NvDLISR;C:\Program Files\MySQL\MySQL Utilities 1.6\;%cmder_root%\bin;C:\Users\eduardo\cmder_config\bin;C:\Program Files\MySQL\MySQL Shell 8.0\bin\;C:\Users\eduardo\AppData\Local\Microsoft\WindowsApps;d:\Users\eduardo\AppData\Local\Programs\Microsoft VS Code\bin;C:\Users\eduardo\AppData\Roaming\npm;C:\Users\eduardo\AppData\Local\GitHubDesktop\bin;C:\Users\eduardo\Documents\Cmder\vendor\git-for-windows\cmd;C:\Users\eduardo\Documents\Cmder\vendor\git-for-windows\mingw64\bin;C:\Users\eduardo\Documents\Cmder\vendor\git-for-windows\usr\bin;C:\Users\eduardo\Documents\Cmder\vendor\bin;C:\Users\eduardo\Documents\Cmder\bin;C:\Users\eduardo\Documents\Cmder

Yarn version: 
  1.19.2

Node version: 
  10.16.2

Platform: 
  win32 x64

Trace: 
  Error: EPERM: operation not permitted, unlink 'D:\eduardo\Faculdade\TrabalhoADS\Front-End\Front-End-ADS\ProjectReactFinal\Template\black-dashboard-react-master\node_modules\node-sass\vendor\win32-x64-64\binding.node'

npm manifest: 
  {
    "name": "black-dashboard-react",
    "version": "1.0.0",
    "private": true,
    "homepage": "https://creativetimofficial.github.io/black-dashboard-react/#/dashboard",
    "dependencies": {
      "@types/react": "16.4.16",
      "bootstrap": "4.1.3",
      "chart.js": "^2.7.2",
      "classnames": "2.2.6",
      "history": "4.7.2",
      "node-sass": "4.9.3",
      "perfect-scrollbar": "1.4.0",
      "prop-types": "^15.6.2",
      "react": "16.5.2",
      "react-chartjs-2": "^2.7.4",
      "react-dom": "16.5.2",
      "react-google-maps": "9.4.5",
      "react-notification-alert": "0.0.8",
      "react-router-dom": "4.3.1",
      "react-scripts": "2.0.4",
      "reactstrap": "6.5.0"
    },
    "scripts": {
      "start": "react-scripts start",
      "build": "react-scripts build",
      "test": "react-scripts test --env=jsdom",
      "eject": "react-scripts eject",
      "install:clean": "rm -rf node_modules/ && rm -rf package-lock.json && npm install && npm start",
      "compile-scss": "node-sass src/assets/scss/black-dashboard-react.scss src/assets/css/black-dashboard-react.css"
    },
    "eslintConfig": {
      "extends": "react-app"
    },
    "browserslist": [
      ">0.2%",
      "not dead",
      "not ie <= 11",
      "not op_mini all"
    ]
  }

yarn manifest: 
  No manifest

Lockfile: 
  No lockfile
